This file contains any messages produced by compilers while
running configure, to aid debugging if configure makes a mistake.

It was created by hello configure 1.0, which was
generated by GNU Autoconf 2.69.  Invocation command line was

  $ ./configure 

## --------- ##
## Platform. ##
## --------- ##

hostname = yushuoqi
uname -m = mips64
uname -r = 5.4.18-26-generic
uname -s = Linux
uname -v = #12-KYLINOS SMP Tue Apr 20 06:04:11 UTC 2021

/usr/bin/uname -p = mips64
/bin/uname -X     = unknown

/bin/arch              = mips64
/usr/bin/arch -k       = unknown
/usr/convex/getsysinfo = unknown
/usr/bin/hostinfo      = unknown
/bin/machine           = unknown
/usr/bin/oslevel       = unknown
/bin/universe          = unknown

PATH: /usr/local/sbin
PATH: /usr/local/bin
PATH: /usr/sbin
PATH: /usr/bin
PATH: /sbin
PATH: /bin
PATH: /usr/games
PATH: /usr/local/games


## ----------- ##
## Core tests. ##
## ----------- ##

configure:2088: checking for a BSD-compatible install
configure:2156: result: /usr/bin/install -c
configure:2167: checking whether build environment is sane
configure:2222: result: yes
configure:2371: checking for a thread-safe mkdir -p
configure:2410: result: /usr/bin/mkdir -p
configure:2417: checking for gawk
configure:2433: found /usr/bin/gawk
configure:2444: result: gawk
configure:2455: checking whether make sets $(MAKE)
configure:2477: result: yes
configure:2506: checking whether make supports nested variables
configure:2523: result: yes
configure:2696: checking for ranlib
configure:2712: found /usr/bin/ranlib
configure:2723: result: ranlib
configure:2795: checking for gcc
configure:2811: found /usr/bin/gcc
configure:2822: result: gcc
configure:3051: checking for C compiler version
configure:3060: gcc --version >&5
gcc (Ubuntu 9.3.0-17kylin1~20.04) 9.3.0
Copyright (C) 2019 Free Software Foundation, Inc.
This is free software; see the source for copying conditions.  There is NO
warranty; not even for MERCHANTABILITY or FITNESS FOR A PARTICULAR PURPOSE.

configure:3071: $? = 0
configure:3060: gcc -v >&5
Using built-in specs.
COLLECT_GCC=gcc
COLLECT_LTO_WRAPPER=/usr/lib/gcc/mips64el-linux-gnuabi64/9/lto-wrapper
Target: mips64el-linux-gnuabi64
Configured with: ../src/configure -v --with-pkgversion='Ubuntu 9.3.0-17kylin1~20.04' --with-bugurl=file:///usr/share/doc/gcc-9/README.Bugs --enable-languages=c,ada,c++,go,d,fortran,objc,obj-c++,gm2 --prefix=/usr --with-gcc-major-version-only --program-suffix=-9 --program-prefix=mips64el-linux-gnuabi64- --enable-shared --enable-linker-build-id --libexecdir=/usr/lib --without-included-gettext --enable-threads=posix --libdir=/usr/lib --enable-nls --enable-clocale=gnu --enable-libstdcxx-debug --enable-libstdcxx-time=yes --with-default-libstdcxx-abi=new --enable-gnu-unique-object --disable-libitm --disable-libsanitizer --disable-libquadmath --disable-libquadmath-support --enable-plugin --with-system-zlib --with-target-system-zlib=auto --enable-objc-gc=auto --enable-multiarch --disable-werror --enable-multilib --with-mips-plt --with-arch-64=mips64r2 --with-madd4=no --enable-targets=all --with-arch-32=mips32r2 --with-fp-32=xx --enable-checking=release --build=mips64el-linux-gnuabi64 --host=mips64el-linux-gnuabi64 --target=mips64el-linux-gnuabi64
Thread model: posix
gcc version 9.3.0 (Ubuntu 9.3.0-17kylin1~20.04) 
configure:3071: $? = 0
configure:3060: gcc -V >&5
gcc: error: unrecognized command line option '-V'
gcc: fatal error: no input files
compilation terminated.
configure:3071: $? = 1
configure:3060: gcc -qversion >&5
gcc: error: unrecognized command line option '-qversion'; did you mean '--version'?
gcc: fatal error: no input files
compilation terminated.
configure:3071: $? = 1
configure:3091: checking whether the C compiler works
configure:3113: gcc    conftest.c  >&5
configure:3117: $? = 0
configure:3165: result: yes
configure:3168: checking for C compiler default output file name
configure:3170: result: a.out
configure:3176: checking for suffix of executables
configure:3183: gcc -o conftest    conftest.c  >&5
configure:3187: $? = 0
configure:3209: result: 
configure:3231: checking whether we are cross compiling
configure:3239: gcc -o conftest    conftest.c  >&5
configure:3243: $? = 0
configure:3250: ./conftest
configure:3254: $? = 0
configure:3242: result: no
configure:3247: checking for suffix of object files
configure:3269: gcc -c   conftest.c >&5
configure:3273: $? = 0
configure:3294: result: o
configure:3298: checking whether we are using the GNU C compiler
configure:3317: gcc -c   conftest.c >&5
configure:3317: $? = 0
configure:3326: result: yes
configure:3335: checking whether gcc accepts -g
configure:3355: gcc -c -g  conftest.c >&5
configure:3355: $? = 0
configure:3396: result: yes
configure:3413: checking for gcc option to accept ISO C89
configure:3476: gcc  -c -g -O2  conftest.c >&5
configure:3476: $? = 0
configure:3489: result: none needed
configure:3514: checking whether gcc understands -c and -o together
configure:3536: gcc -c conftest.c -o conftest2.o
configure:3539: $? = 0
configure:3536: gcc -c conftest.c -o conftest2.o
configure:3539: $? = 0
configure:3551: result: yes
configure:3571: checking whether make supports the include directive
configure:3586: make -f confmf.GNU && cat confinc.out
this is the am__doit target
configure:3589: $? = 0
configure:3608: result: yes (GNU style)
configure:3633: checking dependency style of gcc
configure:3744: result: gcc3
configure:3769: checking how to run the C preprocessor
configure:3800: gcc -E  conftest.c
configure:3800: $? = 0
configure:3814: gcc -E  conftest.c
conftest.c:11:10: fatal error: ac_nonexistent.h: No such file or directory
   11 | #include <ac_nonexistent.h>
      |          ^~~~~~~~~~~~~~~~~~
compilation terminated.
configure:3814: $? = 1
configure: failed program was:
| /* confdefs.h */
| #define PACKAGE_NAME "hello"
| #define PACKAGE_TARNAME "hellokylin1"
| #define PACKAGE_VERSION "1.0"
| #define PACKAGE_STRING "hello 1.0"
| #define PACKAGE_BUGREPORT "yushuoqi@kylinos.cn"
| #define PACKAGE_URL ""http://launchpad.dev/""
| #define PACKAGE "hellokylin1"
| #define VERSION "1.0"
| /* end confdefs.h.  */
| #include <ac_nonexistent.h>
configure:3839: result: gcc -E
configure:3859: gcc -E  conftest.c
configure:3859: $? = 0
configure:3873: gcc -E  conftest.c
conftest.c:11:10: fatal error: ac_nonexistent.h: No such file or directory
   11 | #include <ac_nonexistent.h>
      |          ^~~~~~~~~~~~~~~~~~
compilation terminated.
configure:3873: $? = 1
configure: failed program was:
| /* confdefs.h */
| #define PACKAGE_NAME "hello"
| #define PACKAGE_TARNAME "hellokylin1"
| #define PACKAGE_VERSION "1.0"
| #define PACKAGE_STRING "hello 1.0"
| #define PACKAGE_BUGREPORT "yushuoqi@kylinos.cn"
| #define PACKAGE_URL ""http://launchpad.dev/""
| #define PACKAGE "hellokylin1"
| #define VERSION "1.0"
| /* end confdefs.h.  */
| #include <ac_nonexistent.h>
configure:3902: checking for grep that handles long lines and -e
configure:3960: result: /usr/bin/grep
configure:3965: checking for egrep
configure:4027: result: /usr/bin/grep -E
configure:4032: checking for ANSI C header files
configure:4052: gcc -c -g -O2  conftest.c >&5
configure:4052: $? = 0
configure:4125: gcc -o conftest -g -O2   conftest.c  >&5
configure:4125: $? = 0
configure:4125: ./conftest
configure:4125: $? = 0
configure:4136: result: yes
configure:4149: checking for sys/types.h
configure:4149: gcc -c -g -O2  conftest.c >&5
configure:4149: $? = 0
configure:4149: result: yes
configure:4149: checking for sys/stat.h
configure:4149: gcc -c -g -O2  conftest.c >&5
configure:4149: $? = 0
configure:4149: result: yes
configure:4149: checking for stdlib.h
configure:4149: gcc -c -g -O2  conftest.c >&5
configure:4149: $? = 0
configure:4149: result: yes
configure:4149: checking for string.h
configure:4149: gcc -c -g -O2  conftest.c >&5
configure:4149: $? = 0
configure:4149: result: yes
configure:4149: checking for memory.h
configure:4149: gcc -c -g -O2  conftest.c >&5
configure:4149: $? = 0
configure:4149: result: yes
configure:4149: checking for strings.h
configure:4149: gcc -c -g -O2  conftest.c >&5
configure:4149: $? = 0
configure:4149: result: yes
configure:4149: checking for inttypes.h
configure:4149: gcc -c -g -O2  conftest.c >&5
configure:4149: $? = 0
configure:4149: result: yes
configure:4149: checking for stdint.h
configure:4149: gcc -c -g -O2  conftest.c >&5
configure:4149: $? = 0
configure:4149: result: yes
configure:4149: checking for unistd.h
configure:4149: gcc -c -g -O2  conftest.c >&5
configure:4149: $? = 0
configure:4149: result: yes
configure:4163: checking for stdlib.h
configure:4163: result: yes
configure:4283: checking that generated files are newer than configure
configure:4289: result: done
configure:4312: creating ./config.status

## ---------------------- ##
## Running config.status. ##
## ---------------------- ##

This file was extended by hello config.status 1.0, which was
generated by GNU Autoconf 2.69.  Invocation command line was

  CONFIG_FILES    = 
  CONFIG_HEADERS  = 
  CONFIG_LINKS    = 
  CONFIG_COMMANDS = 
  $ ./config.status 

on yushuoqi

config.status:854: creating Makefile
config.status:854: creating cn/Makefile
config.status:854: creating include/Makefile
config.status:854: creating config.h
config.status:1035: config.h is unchanged
config.status:1083: executing depfiles commands
config.status:1160: cd .       && sed -e '/# am--include-marker/d' Makefile         | make -f - am--depfiles
make: Nothing to be done for 'am--depfiles'.
config.status:1165: $? = 0
config.status:1160: cd cn       && sed -e '/# am--include-marker/d' Makefile         | make -f - am--depfiles
make: Nothing to be done for 'am--depfiles'.
config.status:1165: $? = 0

## ---------------- ##
## Cache variables. ##
## ---------------- ##

ac_cv_c_compiler_gnu=yes
ac_cv_env_CC_set=
ac_cv_env_CC_value=
ac_cv_env_CFLAGS_set=
ac_cv_env_CFLAGS_value=
ac_cv_env_CPPFLAGS_set=
ac_cv_env_CPPFLAGS_value=
ac_cv_env_CPP_set=
ac_cv_env_CPP_value=
ac_cv_env_LDFLAGS_set=
ac_cv_env_LDFLAGS_value=
ac_cv_env_LIBS_set=
ac_cv_env_LIBS_value=
ac_cv_env_build_alias_set=
ac_cv_env_build_alias_value=
ac_cv_env_host_alias_set=
ac_cv_env_host_alias_value=
ac_cv_env_target_alias_set=
ac_cv_env_target_alias_value=
ac_cv_header_inttypes_h=yes
ac_cv_header_memory_h=yes
ac_cv_header_stdc=yes
ac_cv_header_stdint_h=yes
ac_cv_header_stdlib_h=yes
ac_cv_header_string_h=yes
ac_cv_header_strings_h=yes
ac_cv_header_sys_stat_h=yes
ac_cv_header_sys_types_h=yes
ac_cv_header_unistd_h=yes
ac_cv_objext=o
ac_cv_path_EGREP='/usr/bin/grep -E'
ac_cv_path_GREP=/usr/bin/grep
ac_cv_path_install='/usr/bin/install -c'
ac_cv_path_mkdir=/usr/bin/mkdir
ac_cv_prog_AWK=gawk
ac_cv_prog_CPP='gcc -E'
ac_cv_prog_ac_ct_CC=gcc
ac_cv_prog_ac_ct_RANLIB=ranlib
ac_cv_prog_cc_c89=
ac_cv_prog_cc_g=yes
ac_cv_prog_make_make_set=yes
am_cv_CC_dependencies_compiler_type=gcc3
am_cv_make_support_nested_variables=yes
am_cv_prog_cc_c_o=yes

## ----------------- ##
## Output variables. ##
## ----------------- ##

ACLOCAL='${SHELL} /home/yushuoqi/code/journey/training/automake/automake-shallow/missing aclocal-1.16'
AMDEPBACKSLASH='\'
AMDEP_FALSE='#'
AMDEP_TRUE=''
AMTAR='$${TAR-tar}'
AM_BACKSLASH='\'
AM_DEFAULT_V='$(AM_DEFAULT_VERBOSITY)'
AM_DEFAULT_VERBOSITY='1'
AM_V='$(V)'
AUTOCONF='${SHELL} /home/yushuoqi/code/journey/training/automake/automake-shallow/missing autoconf'
AUTOHEADER='${SHELL} /home/yushuoqi/code/journey/training/automake/automake-shallow/missing autoheader'
AUTOMAKE='${SHELL} /home/yushuoqi/code/journey/training/automake/automake-shallow/missing automake-1.16'
AWK='gawk'
CC='gcc'
CCDEPMODE='depmode=gcc3'
CFLAGS='-g -O2'
CPP='gcc -E'
CPPFLAGS=''
CYGPATH_W='echo'
DEFS='-DHAVE_CONFIG_H'
DEPDIR='.deps'
ECHO_C=''
ECHO_N='-n'
ECHO_T=''
EGREP='/usr/bin/grep -E'
EXEEXT=''
GREP='/usr/bin/grep'
INSTALL_DATA='${INSTALL} -m 644'
INSTALL_PROGRAM='${INSTALL}'
INSTALL_SCRIPT='${INSTALL}'
INSTALL_STRIP_PROGRAM='$(install_sh) -c -s'
LDFLAGS=''
LIBOBJS=''
LIBS=''
LTLIBOBJS=''
MAKEINFO='${SHELL} /home/yushuoqi/code/journey/training/automake/automake-shallow/missing makeinfo'
MKDIR_P='/usr/bin/mkdir -p'
OBJEXT='o'
PACKAGE='hellokylin1'
PACKAGE_BUGREPORT='yushuoqi@kylinos.cn'
PACKAGE_NAME='hello'
PACKAGE_STRING='hello 1.0'
PACKAGE_TARNAME='hellokylin1'
PACKAGE_URL='"http://launchpad.dev/"'
PACKAGE_VERSION='1.0'
PATH_SEPARATOR=':'
RANLIB='ranlib'
SET_MAKE=''
SHELL='/bin/bash'
STRIP=''
VERSION='1.0'
ac_ct_CC='gcc'
am__EXEEXT_FALSE=''
am__EXEEXT_TRUE='#'
am__fastdepCC_FALSE='#'
am__fastdepCC_TRUE=''
am__include='include'
am__isrc=''
am__leading_dot='.'
am__nodep='_no'
am__quote=''
am__tar='$${TAR-tar} chof - "$$tardir"'
am__untar='$${TAR-tar} xf -'
bindir='${exec_prefix}/bin'
build_alias=''
datadir='${datarootdir}'
datarootdir='${prefix}/share'
docdir='${datarootdir}/doc/${PACKAGE_TARNAME}'
dvidir='${docdir}'
exec_prefix='${prefix}'
host_alias=''
htmldir='${docdir}'
includedir='${prefix}/include'
infodir='${datarootdir}/info'
install_sh='${SHELL} /home/yushuoqi/code/journey/training/automake/automake-shallow/install-sh'
libdir='${exec_prefix}/lib'
libexecdir='${exec_prefix}/libexec'
localedir='${datarootdir}/locale'
localstatedir='${prefix}/var'
mandir='${datarootdir}/man'
mkdir_p='$(MKDIR_P)'
oldincludedir='/usr/include'
pdfdir='${docdir}'
prefix='/usr/local'
program_transform_name='s,x,x,'
psdir='${docdir}'
runstatedir='${localstatedir}/run'
sbindir='${exec_prefix}/sbin'
sharedstatedir='${prefix}/com'
sysconfdir='${prefix}/etc'
target_alias=''

## ----------- ##
## confdefs.h. ##
## ----------- ##

/* confdefs.h */
#define PACKAGE_NAME "hello"
#define PACKAGE_TARNAME "hellokylin1"
#define PACKAGE_VERSION "1.0"
#define PACKAGE_STRING "hello 1.0"
#define PACKAGE_BUGREPORT "yushuoqi@kylinos.cn"
#define PACKAGE_URL ""http://launchpad.dev/""
#define PACKAGE "hellokylin1"
#define VERSION "1.0"
#define STDC_HEADERS 1
#define HAVE_SYS_TYPES_H 1
#define HAVE_SYS_STAT_H 1
#define HAVE_STDLIB_H 1
#define HAVE_STRING_H 1
#define HAVE_MEMORY_H 1
#define HAVE_STRINGS_H 1
#define HAVE_INTTYPES_H 1
#define HAVE_STDINT_H 1
#define HAVE_UNISTD_H 1
#define HAVE_STDLIB_H 1

configure: exit 0
