This file contains any messages produced by compilers while
running configure, to aid debugging if configure makes a mistake.

It was created by hello configure 1.0, which was
generated by GNU Autoconf 2.69.  Invocation command line was

  $ ./configure 

## --------- ##
## Platform. ##
## --------- ##

hostname = yushuoqi
uname -m = mips64
uname -r = 5.4.18-26-generic
uname -s = Linux
uname -v = #12-KYLINOS SMP Tue Apr 20 06:04:11 UTC 2021

/usr/bin/uname -p = mips64
/bin/uname -X     = unknown

/bin/arch              = mips64
/usr/bin/arch -k       = unknown
/usr/convex/getsysinfo = unknown
/usr/bin/hostinfo      = unknown
/bin/machine           = unknown
/usr/bin/oslevel       = unknown
/bin/universe          = unknown

PATH: /usr/local/sbin
PATH: /usr/local/bin
PATH: /usr/sbin
PATH: /usr/bin
PATH: /sbin
PATH: /bin
PATH: /usr/games
PATH: /usr/local/games


## ----------- ##
## Core tests. ##
## ----------- ##

configure:2087: checking for a BSD-compatible install
configure:2155: result: /usr/bin/install -c
configure:2166: checking whether build environment is sane
configure:2221: result: yes
configure:2370: checking for a thread-safe mkdir -p
configure:2409: result: /usr/bin/mkdir -p
configure:2416: checking for gawk
configure:2432: found /usr/bin/gawk
configure:2443: result: gawk
configure:2454: checking whether make sets $(MAKE)
configure:2476: result: yes
configure:2505: checking whether make supports nested variables
configure:2522: result: yes
configure:2701: checking for gcc
configure:2717: found /usr/bin/gcc
configure:2728: result: gcc
configure:2957: checking for C compiler version
configure:2966: gcc --version >&5
gcc (Ubuntu 9.3.0-17kylin1~20.04) 9.3.0
Copyright (C) 2019 Free Software Foundation, Inc.
This is free software; see the source for copying conditions.  There is NO
warranty; not even for MERCHANTABILITY or FITNESS FOR A PARTICULAR PURPOSE.

configure:2977: $? = 0
configure:2966: gcc -v >&5
Using built-in specs.
COLLECT_GCC=gcc
COLLECT_LTO_WRAPPER=/usr/lib/gcc/mips64el-linux-gnuabi64/9/lto-wrapper
Target: mips64el-linux-gnuabi64
Configured with: ../src/configure -v --with-pkgversion='Ubuntu 9.3.0-17kylin1~20.04' --with-bugurl=file:///usr/share/doc/gcc-9/README.Bugs --enable-languages=c,ada,c++,go,d,fortran,objc,obj-c++,gm2 --prefix=/usr --with-gcc-major-version-only --program-suffix=-9 --program-prefix=mips64el-linux-gnuabi64- --enable-shared --enable-linker-build-id --libexecdir=/usr/lib --without-included-gettext --enable-threads=posix --libdir=/usr/lib --enable-nls --enable-clocale=gnu --enable-libstdcxx-debug --enable-libstdcxx-time=yes --with-default-libstdcxx-abi=new --enable-gnu-unique-object --disable-libitm --disable-libsanitizer --disable-libquadmath --disable-libquadmath-support --enable-plugin --with-system-zlib --with-target-system-zlib=auto --enable-objc-gc=auto --enable-multiarch --disable-werror --enable-multilib --with-mips-plt --with-arch-64=mips64r2 --with-madd4=no --enable-targets=all --with-arch-32=mips32r2 --with-fp-32=xx --enable-checking=release --build=mips64el-linux-gnuabi64 --host=mips64el-linux-gnuabi64 --target=mips64el-linux-gnuabi64
Thread model: posix
gcc version 9.3.0 (Ubuntu 9.3.0-17kylin1~20.04) 
configure:2977: $? = 0
configure:2966: gcc -V >&5
gcc: error: unrecognized command line option '-V'
gcc: fatal error: no input files
compilation terminated.
configure:2977: $? = 1
configure:2966: gcc -qversion >&5
gcc: error: unrecognized command line option '-qversion'; did you mean '--version'?
gcc: fatal error: no input files
compilation terminated.
configure:2977: $? = 1
configure:2997: checking whether the C compiler works
configure:3019: gcc    conftest.c  >&5
configure:3023: $? = 0
configure:3071: result: yes
configure:3074: checking for C compiler default output file name
configure:3076: result: a.out
configure:3082: checking for suffix of executables
configure:3089: gcc -o conftest    conftest.c  >&5
configure:3093: $? = 0
configure:3115: result: 
configure:3137: checking whether we are cross compiling
configure:3145: gcc -o conftest    conftest.c  >&5
configure:3149: $? = 0
configure:3156: ./conftest
configure:3160: $? = 0
configure:3148: result: no
configure:3153: checking for suffix of object files
configure:3175: gcc -c   conftest.c >&5
configure:3179: $? = 0
configure:3200: result: o
configure:3204: checking whether we are using the GNU C compiler
configure:3223: gcc -c   conftest.c >&5
configure:3223: $? = 0
configure:3232: result: yes
configure:3241: checking whether gcc accepts -g
configure:3261: gcc -c -g  conftest.c >&5
configure:3261: $? = 0
configure:3302: result: yes
configure:3319: checking for gcc option to accept ISO C89
configure:3382: gcc  -c -g -O2  conftest.c >&5
configure:3382: $? = 0
configure:3395: result: none needed
configure:3420: checking whether gcc understands -c and -o together
configure:3442: gcc -c conftest.c -o conftest2.o
configure:3445: $? = 0
configure:3442: gcc -c conftest.c -o conftest2.o
configure:3445: $? = 0
configure:3457: result: yes
configure:3477: checking whether make supports the include directive
configure:3492: make -f confmf.GNU && cat confinc.out
this is the am__doit target
configure:3495: $? = 0
configure:3514: result: yes (GNU style)
configure:3539: checking dependency style of gcc
configure:3650: result: gcc3
configure:3675: checking how to run the C preprocessor
configure:3706: gcc -E  conftest.c
configure:3706: $? = 0
configure:3720: gcc -E  conftest.c
conftest.c:12:10: fatal error: ac_nonexistent.h: No such file or directory
   12 | #include <ac_nonexistent.h>
      |          ^~~~~~~~~~~~~~~~~~
compilation terminated.
configure:3720: $? = 1
configure: failed program was:
| /* confdefs.h */
| #define PACKAGE_NAME "hello"
| #define PACKAGE_TARNAME "hellokylin1"
| #define PACKAGE_VERSION "1.0"
| #define PACKAGE_STRING "hello 1.0"
| #define PACKAGE_BUGREPORT "yushuoqi@kylinos.cn"
| #define PACKAGE_URL ""http://launchpad.dev/""
| #define PACKAGE "hellokylin1"
| #define VERSION "1.0"
| #define VAR 10
| /* end confdefs.h.  */
| #include <ac_nonexistent.h>
configure:3745: result: gcc -E
configure:3765: gcc -E  conftest.c
configure:3765: $? = 0
configure:3779: gcc -E  conftest.c
conftest.c:12:10: fatal error: ac_nonexistent.h: No such file or directory
   12 | #include <ac_nonexistent.h>
      |          ^~~~~~~~~~~~~~~~~~
compilation terminated.
configure:3779: $? = 1
configure: failed program was:
| /* confdefs.h */
| #define PACKAGE_NAME "hello"
| #define PACKAGE_TARNAME "hellokylin1"
| #define PACKAGE_VERSION "1.0"
| #define PACKAGE_STRING "hello 1.0"
| #define PACKAGE_BUGREPORT "yushuoqi@kylinos.cn"
| #define PACKAGE_URL ""http://launchpad.dev/""
| #define PACKAGE "hellokylin1"
| #define VERSION "1.0"
| #define VAR 10
| /* end confdefs.h.  */
| #include <ac_nonexistent.h>
configure:3808: checking for grep that handles long lines and -e
configure:3866: result: /usr/bin/grep
configure:3871: checking for egrep
configure:3933: result: /usr/bin/grep -E
configure:3938: checking for ANSI C header files
configure:3958: gcc -c -g -O2  conftest.c >&5
configure:3958: $? = 0
configure:4031: gcc -o conftest -g -O2   conftest.c  >&5
configure:4031: $? = 0
configure:4031: ./conftest
configure:4031: $? = 0
configure:4042: result: yes
configure:4055: checking for sys/types.h
configure:4055: gcc -c -g -O2  conftest.c >&5
configure:4055: $? = 0
configure:4055: result: yes
configure:4055: checking for sys/stat.h
configure:4055: gcc -c -g -O2  conftest.c >&5
configure:4055: $? = 0
configure:4055: result: yes
configure:4055: checking for stdlib.h
configure:4055: gcc -c -g -O2  conftest.c >&5
configure:4055: $? = 0
configure:4055: result: yes
configure:4055: checking for string.h
configure:4055: gcc -c -g -O2  conftest.c >&5
configure:4055: $? = 0
configure:4055: result: yes
configure:4055: checking for memory.h
configure:4055: gcc -c -g -O2  conftest.c >&5
configure:4055: $? = 0
configure:4055: result: yes
configure:4055: checking for strings.h
configure:4055: gcc -c -g -O2  conftest.c >&5
configure:4055: $? = 0
configure:4055: result: yes
configure:4055: checking for inttypes.h
configure:4055: gcc -c -g -O2  conftest.c >&5
configure:4055: $? = 0
configure:4055: result: yes
configure:4055: checking for stdint.h
configure:4055: gcc -c -g -O2  conftest.c >&5
configure:4055: $? = 0
configure:4055: result: yes
configure:4055: checking for unistd.h
configure:4055: gcc -c -g -O2  conftest.c >&5
configure:4055: $? = 0
configure:4055: result: yes
configure:4069: checking for stdlib.h
configure:4069: result: yes
configure:4187: checking that generated files are newer than configure
configure:4193: result: done
configure:4216: creating ./config.status

## ---------------------- ##
## Running config.status. ##
## ---------------------- ##

This file was extended by hello config.status 1.0, which was
generated by GNU Autoconf 2.69.  Invocation command line was

  CONFIG_FILES    = 
  CONFIG_HEADERS  = 
  CONFIG_LINKS    = 
  CONFIG_COMMANDS = 
  $ ./config.status 

on yushuoqi

config.status:852: creating Makefile
config.status:852: creating config.h
config.status:1033: config.h is unchanged
config.status:1081: executing depfiles commands
config.status:1158: cd .       && sed -e '/# am--include-marker/d' Makefile         | make -f - am--depfiles
make: Nothing to be done for 'am--depfiles'.
config.status:1163: $? = 0

## ---------------- ##
## Cache variables. ##
## ---------------- ##

ac_cv_c_compiler_gnu=yes
ac_cv_env_CC_set=
ac_cv_env_CC_value=
ac_cv_env_CFLAGS_set=
ac_cv_env_CFLAGS_value=
ac_cv_env_CPPFLAGS_set=
ac_cv_env_CPPFLAGS_value=
ac_cv_env_CPP_set=
ac_cv_env_CPP_value=
ac_cv_env_LDFLAGS_set=
ac_cv_env_LDFLAGS_value=
ac_cv_env_LIBS_set=
ac_cv_env_LIBS_value=
ac_cv_env_build_alias_set=
ac_cv_env_build_alias_value=
ac_cv_env_host_alias_set=
ac_cv_env_host_alias_value=
ac_cv_env_target_alias_set=
ac_cv_env_target_alias_value=
ac_cv_header_inttypes_h=yes
ac_cv_header_memory_h=yes
ac_cv_header_stdc=yes
ac_cv_header_stdint_h=yes
ac_cv_header_stdlib_h=yes
ac_cv_header_string_h=yes
ac_cv_header_strings_h=yes
ac_cv_header_sys_stat_h=yes
ac_cv_header_sys_types_h=yes
ac_cv_header_unistd_h=yes
ac_cv_objext=o
ac_cv_path_EGREP='/usr/bin/grep -E'
ac_cv_path_GREP=/usr/bin/grep
ac_cv_path_install='/usr/bin/install -c'
ac_cv_path_mkdir=/usr/bin/mkdir
ac_cv_prog_AWK=gawk
ac_cv_prog_CPP='gcc -E'
ac_cv_prog_ac_ct_CC=gcc
ac_cv_prog_cc_c89=
ac_cv_prog_cc_g=yes
ac_cv_prog_make_make_set=yes
am_cv_CC_dependencies_compiler_type=gcc3
am_cv_make_support_nested_variables=yes
am_cv_prog_cc_c_o=yes

## ----------------- ##
## Output variables. ##
## ----------------- ##

ACLOCAL='${SHELL} /home/yushuoqi/code/journey/training/automake/missing aclocal-1.16'
AMDEPBACKSLASH='\'
AMDEP_FALSE='#'
AMDEP_TRUE=''
AMTAR='$${TAR-tar}'
AM_BACKSLASH='\'
AM_DEFAULT_V='$(AM_DEFAULT_VERBOSITY)'
AM_DEFAULT_VERBOSITY='1'
AM_V='$(V)'
AUTOCONF='${SHELL} /home/yushuoqi/code/journey/training/automake/missing autoconf'
AUTOHEADER='${SHELL} /home/yushuoqi/code/journey/training/automake/missing autoheader'
AUTOMAKE='${SHELL} /home/yushuoqi/code/journey/training/automake/missing automake-1.16'
AWK='gawk'
CC='gcc'
CCDEPMODE='depmode=gcc3'
CFLAGS='-g -O2'
CPP='gcc -E'
CPPFLAGS=''
CYGPATH_W='echo'
DEFS='-DHAVE_CONFIG_H'
DEPDIR='.deps'
ECHO_C=''
ECHO_N='-n'
ECHO_T=''
EGREP='/usr/bin/grep -E'
EXEEXT=''
GREP='/usr/bin/grep'
INSTALL_DATA='${INSTALL} -m 644'
INSTALL_PROGRAM='${INSTALL}'
INSTALL_SCRIPT='${INSTALL}'
INSTALL_STRIP_PROGRAM='$(install_sh) -c -s'
LDFLAGS=''
LIBOBJS=''
LIBS=''
LTLIBOBJS=''
MAKEINFO='${SHELL} /home/yushuoqi/code/journey/training/automake/missing makeinfo'
MKDIR_P='/usr/bin/mkdir -p'
OBJEXT='o'
PACKAGE='hellokylin1'
PACKAGE_BUGREPORT='yushuoqi@kylinos.cn'
PACKAGE_NAME='hello'
PACKAGE_STRING='hello 1.0'
PACKAGE_TARNAME='hellokylin1'
PACKAGE_URL='"http://launchpad.dev/"'
PACKAGE_VERSION='1.0'
PATH_SEPARATOR=':'
SET_MAKE=''
SHELL='/bin/bash'
STRIP=''
VERSION='1.0'
ac_ct_CC='gcc'
am__EXEEXT_FALSE=''
am__EXEEXT_TRUE='#'
am__fastdepCC_FALSE='#'
am__fastdepCC_TRUE=''
am__include='include'
am__isrc=''
am__leading_dot='.'
am__nodep='_no'
am__quote=''
am__tar='$${TAR-tar} chof - "$$tardir"'
am__untar='$${TAR-tar} xf -'
bindir='${exec_prefix}/bin'
build_alias=''
datadir='${datarootdir}'
datarootdir='${prefix}/share'
docdir='${datarootdir}/doc/${PACKAGE_TARNAME}'
dvidir='${docdir}'
exec_prefix='${prefix}'
host_alias=''
htmldir='${docdir}'
includedir='${prefix}/include'
infodir='${datarootdir}/info'
install_sh='${SHELL} /home/yushuoqi/code/journey/training/automake/install-sh'
libdir='${exec_prefix}/lib'
libexecdir='${exec_prefix}/libexec'
localedir='${datarootdir}/locale'
localstatedir='${prefix}/var'
mandir='${datarootdir}/man'
mkdir_p='$(MKDIR_P)'
oldincludedir='/usr/include'
pdfdir='${docdir}'
prefix='/usr/local'
program_transform_name='s,x,x,'
psdir='${docdir}'
runstatedir='${localstatedir}/run'
sbindir='${exec_prefix}/sbin'
sharedstatedir='${prefix}/com'
sysconfdir='${prefix}/etc'
target_alias=''

## ----------- ##
## confdefs.h. ##
## ----------- ##

/* confdefs.h */
#define PACKAGE_NAME "hello"
#define PACKAGE_TARNAME "hellokylin1"
#define PACKAGE_VERSION "1.0"
#define PACKAGE_STRING "hello 1.0"
#define PACKAGE_BUGREPORT "yushuoqi@kylinos.cn"
#define PACKAGE_URL ""http://launchpad.dev/""
#define PACKAGE "hellokylin1"
#define VERSION "1.0"
#define VAR 10
#define STDC_HEADERS 1
#define HAVE_SYS_TYPES_H 1
#define HAVE_SYS_STAT_H 1
#define HAVE_STDLIB_H 1
#define HAVE_STRING_H 1
#define HAVE_MEMORY_H 1
#define HAVE_STRINGS_H 1
#define HAVE_INTTYPES_H 1
#define HAVE_STDINT_H 1
#define HAVE_UNISTD_H 1
#define HAVE_STDLIB_H 1

configure: exit 0

## ---------------------- ##
## Running config.status. ##
## ---------------------- ##

This file was extended by hello config.status 1.0, which was
generated by GNU Autoconf 2.69.  Invocation command line was

  CONFIG_FILES    = 
  CONFIG_HEADERS  = 
  CONFIG_LINKS    = 
  CONFIG_COMMANDS = 
  $ ./config.status Makefile depfiles

on yushuoqi

config.status:852: creating Makefile
config.status:1081: executing depfiles commands
config.status:1158: cd .       && sed -e '/# am--include-marker/d' Makefile         | make -f - am--depfiles
make[1]: Entering directory '/home/yushuoqi/code/journey/training/automake'
make[1]: Nothing to be done for 'am--depfiles'.
make[1]: Leaving directory '/home/yushuoqi/code/journey/training/automake'
config.status:1163: $? = 0
