Core(warning): Certificate received from server is NOT trusted by this system, an exception has been added by the user to trust this specific certificate.
Failed to initialize NLA, do you have correct Kerberos TGT initialized ?
Core(warning): Certificate received from server is NOT trusted by this system, an exception has been added by the user to trust this specific certificate.
Connection established using SSL.
Protocol(warning): process_pdu_logon(), Unhandled login infotype 1
Clipboard(error): xclip_handle_SelectionNotify(), unable to find a textual target to satisfy RDP clipboard text request
Clipboard(warning): xclip_handle_SelectionRequest(), overlapping clipboard request, skipping.
Clipboard(warning): xclip_handle_SelectionRequest(), overlapping clipboard request, skipping.
Clipboard(warning): xclip_handle_SelectionRequest(), overlapping clipboard request, skipping.
Clipboard(warning): xclip_handle_SelectionRequest(), overlapping clipboard request, skipping.
Clipboard(warning): xclip_handle_SelectionRequest(), unsupported target format, target='COMPOUND_TEXT'
Protocol(warning): process_data_pdu(), unhandled data PDU type 41
Clipboard(warning): xclip_handle_SelectionRequest(), overlapping clipboard request, skipping.
Clipboard(warning): xclip_handle_SelectionRequest(), overlapping clipboard request, skipping.
Clipboard(warning): xclip_handle_SelectionRequest(), overlapping clipboard request, skipping.
Clipboard(warning): xclip_handle_SelectionRequest(), unsupported target format, target='COMPOUND_TEXT'
Clipboard(warning): xclip_handle_SelectionRequest(), overlapping clipboard request, skipping.
Clipboard(warning): xclip_handle_SelectionRequest(), overlapping clipboard request, skipping.
Clipboard(warning): xclip_handle_SelectionRequest(), overlapping clipboard request, skipping.
Clipboard(warning): xclip_handle_SelectionRequest(), overlapping clipboard request, skipping.
Clipboard(warning): xclip_handle_SelectionRequest(), unsupported target format, target='COMPOUND_TEXT'
